<?xml version="1.0" encoding="UTF-8"?>
<!-- Generated by org.testng.reporters.JUnitReportReporter -->
<testsuite hostname="HMECL001671" name="com.api.testScripts.PostRequest" tests="1" failures="0" timestamp="5 Oct 2019 07:19:27 GMT" time="4.383" errors="0">
  <testcase name="getPosts" time="4.383" classname="com.api.testScripts.PostRequest"/>
</testsuite> <!-- com.api.testScripts.PostRequest -->
